<?xml version="1.0" encoding="UTF-8"?>
<testng-results ignored="0" total="4" passed="2" failed="1" skipped="1">
  <reporter-output>
  </reporter-output>
  <suite started-at="2024-09-17T17:50:04 IST" name="OrangeHRMSuite" finished-at="2024-09-17T17:56:10 IST" duration-ms="365931">
    <groups>
    </groups>
    <test started-at="2024-09-17T17:50:04 IST" name="OrangeHRMTest" finished-at="2024-09-17T17:56:10 IST" duration-ms="365931">
      <class name="testNG_byPavan.OrangeHRM_WithListeners">
        <test-method is-config="true" signature="setup()[pri:0, instance:testNG_byPavan.OrangeHRM_WithListeners@561b6512]" started-at="2024-09-17T17:50:06 IST" name="setup" finished-at="2024-09-17T17:55:14 IST" duration-ms="308053" status="PASS">
          <reporter-output>
          </reporter-output>
        </test-method> <!-- setup -->
        <test-method signature="testLaunchApp()[pri:1, instance:testNG_byPavan.OrangeHRM_WithListeners@561b6512]" started-at="2024-09-17T17:55:14 IST" name="testLaunchApp" finished-at="2024-09-17T17:56:10 IST" duration-ms="55819" status="PASS">
          <reporter-output>
          </reporter-output>
        </test-method> <!-- testLaunchApp -->
        <test-method signature="testLogo()[pri:2, instance:testNG_byPavan.OrangeHRM_WithListeners@561b6512]" started-at="2024-09-17T17:56:10 IST" name="testLogo" finished-at="2024-09-17T17:56:10 IST" duration-ms="144" status="PASS">
          <reporter-output>
          </reporter-output>
        </test-method> <!-- testLogo -->
        <test-method signature="testURL()[pri:3, instance:testNG_byPavan.OrangeHRM_WithListeners@561b6512]" started-at="2024-09-17T17:56:10 IST" name="testURL" finished-at="2024-09-17T17:56:10 IST" duration-ms="0" status="FAIL">
          <exception class="java.lang.AssertionError">
            <message>
              <![CDATA[null]]>
            </message>
            <full-stacktrace>
              <![CDATA[java.lang.AssertionError: null
at org.testng.Assert.fail(Assert.java:111)
at org.testng.Assert.fail(Assert.java:116)
at testNG_byPavan.OrangeHRM_WithListeners.testURL(OrangeHRM_WithListeners.java:39)
at java.base/jdk.internal.reflect.NativeMethodAccessorImpl.invoke0(Native Method)
at java.base/jdk.internal.reflect.NativeMethodAccessorImpl.invoke(NativeMethodAccessorImpl.java:77)
at java.base/jdk.internal.reflect.DelegatingMethodAccessorImpl.invoke(DelegatingMethodAccessorImpl.java:43)
at java.base/java.lang.reflect.Method.invoke(Method.java:568)
at org.testng.internal.invokers.MethodInvocationHelper.invokeMethod(MethodInvocationHelper.java:141)
at org.testng.internal.invokers.TestInvoker.invokeMethod(TestInvoker.java:686)
at org.testng.internal.invokers.TestInvoker.invokeTestMethod(TestInvoker.java:230)
at org.testng.internal.invokers.MethodRunner.runInSequence(MethodRunner.java:63)
at org.testng.internal.invokers.TestInvoker$MethodInvocationAgent.invoke(TestInvoker.java:992)
at org.testng.internal.invokers.TestInvoker.invokeTestMethods(TestInvoker.java:203)
at org.testng.internal.invokers.TestMethodWorker.invokeTestMethods(TestMethodWorker.java:154)
at org.testng.internal.invokers.TestMethodWorker.run(TestMethodWorker.java:134)
at java.base/java.util.ArrayList.forEach(ArrayList.java:1511)
at org.testng.TestRunner.privateRun(TestRunner.java:739)
at org.testng.TestRunner.run(TestRunner.java:614)
at org.testng.SuiteRunner.runTest(SuiteRunner.java:421)
at org.testng.SuiteRunner.runSequentially(SuiteRunner.java:413)
at org.testng.SuiteRunner.privateRun(SuiteRunner.java:373)
at org.testng.SuiteRunner.run(SuiteRunner.java:312)
at org.testng.SuiteRunnerWorker.runSuite(SuiteRunnerWorker.java:52)
at org.testng.SuiteRunnerWorker.run(SuiteRunnerWorker.java:95)
at org.testng.TestNG.runSuitesSequentially(TestNG.java:1274)
at org.testng.TestNG.runSuitesLocally(TestNG.java:1208)
at org.testng.TestNG.runSuites(TestNG.java:1112)
at org.testng.TestNG.run(TestNG.java:1079)
at org.testng.remote.AbstractRemoteTestNG.run(AbstractRemoteTestNG.java:115)
at org.testng.remote.RemoteTestNG.initAndRun(RemoteTestNG.java:293)
at org.testng.remote.RemoteTestNG.main(RemoteTestNG.java:91)
]]>
            </full-stacktrace>
          </exception> <!-- java.lang.AssertionError -->
          <reporter-output>
          </reporter-output>
        </test-method> <!-- testURL -->
        <test-method signature="testTitle()[pri:4, instance:testNG_byPavan.OrangeHRM_WithListeners@561b6512]" started-at="2024-09-17T17:56:10 IST" name="testTitle" finished-at="2024-09-17T17:56:10 IST" depends-on-methods="testNG_byPavan.OrangeHRM_WithListeners.testURL" duration-ms="0" status="SKIP">
          <exception class="java.lang.Throwable">
            <message>
              <![CDATA[Method testNG_byPavan.OrangeHRM_WithListeners.testTitle() on instance testNG_byPavan.OrangeHRM_WithListeners@561b6512 depends on not successfully finished methods 
[testNG_byPavan.OrangeHRM_WithListeners.testURL() on instance testNG_byPavan.OrangeHRM_WithListeners@561b6512]]]>
            </message>
            <full-stacktrace>
              <![CDATA[java.lang.Throwable: Method testNG_byPavan.OrangeHRM_WithListeners.testTitle() on instance testNG_byPavan.OrangeHRM_WithListeners@561b6512 depends on not successfully finished methods 
[testNG_byPavan.OrangeHRM_WithListeners.testURL() on instance testNG_byPavan.OrangeHRM_WithListeners@561b6512]
at org.testng.internal.invokers.TestInvoker.invokeTestMethods(TestInvoker.java:159)
at org.testng.internal.invokers.TestMethodWorker.invokeTestMethods(TestMethodWorker.java:154)
at org.testng.internal.invokers.TestMethodWorker.run(TestMethodWorker.java:134)
at java.base/java.util.ArrayList.forEach(ArrayList.java:1511)
at org.testng.TestRunner.privateRun(TestRunner.java:739)
at org.testng.TestRunner.run(TestRunner.java:614)
at org.testng.SuiteRunner.runTest(SuiteRunner.java:421)
at org.testng.SuiteRunner.runSequentially(SuiteRunner.java:413)
at org.testng.SuiteRunner.privateRun(SuiteRunner.java:373)
at org.testng.SuiteRunner.run(SuiteRunner.java:312)
at org.testng.SuiteRunnerWorker.runSuite(SuiteRunnerWorker.java:52)
at org.testng.SuiteRunnerWorker.run(SuiteRunnerWorker.java:95)
at org.testng.TestNG.runSuitesSequentially(TestNG.java:1274)
at org.testng.TestNG.runSuitesLocally(TestNG.java:1208)
at org.testng.TestNG.runSuites(TestNG.java:1112)
at org.testng.TestNG.run(TestNG.java:1079)
at org.testng.remote.AbstractRemoteTestNG.run(AbstractRemoteTestNG.java:115)
at org.testng.remote.RemoteTestNG.initAndRun(RemoteTestNG.java:293)
at org.testng.remote.RemoteTestNG.main(RemoteTestNG.java:91)
]]>
            </full-stacktrace>
          </exception> <!-- java.lang.Throwable -->
          <reporter-output>
          </reporter-output>
        </test-method> <!-- testTitle -->
        <test-method is-config="true" signature="tearDown()[pri:0, instance:testNG_byPavan.OrangeHRM_WithListeners@561b6512]" started-at="2024-09-17T17:56:10 IST" name="tearDown" finished-at="2024-09-17T17:56:10 IST" duration-ms="271" status="PASS">
          <reporter-output>
          </reporter-output>
        </test-method> <!-- tearDown -->
      </class> <!-- testNG_byPavan.OrangeHRM_WithListeners -->
    </test> <!-- OrangeHRMTest -->
  </suite> <!-- OrangeHRMSuite -->
</testng-results>
